1666644814190	geckodriver	INFO	Listening on 127.0.0.1:60232
1666644848154	geckodriver	INFO	Listening on 127.0.0.1:60244
1666645035816	geckodriver	INFO	Listening on 127.0.0.1:58199
1666645207787	geckodriver	INFO	Listening on 127.0.0.1:60493
1666645213834	geckodriver	INFO	Listening on 127.0.0.1:60505
1666645440018	geckodriver	INFO	Listening on 127.0.0.1:51129
1666645475125	geckodriver	INFO	Listening on 127.0.0.1:51141
1666645638611	geckodriver	INFO	Listening on 127.0.0.1:53572
1666645641615	mozrunner::runner	INFO	Running command: "C:\\Program Files\\Mozilla Firefox\\firefox.exe" "--marionette" "-no-remote" "-profile" "C:\\Users\\Leandro\\AppData\\Local\\Temp\\rust_mozprofile3fOabz"
1666645642281	Marionette	INFO	Marionette enabled
1666645642291	Marionette	INFO	Listening on port 53584
Read port: 53584
1666645643098	RemoteAgent	WARN	TLS certificate errors will be ignored for this session
console.warn: SearchSettings: "get: No settings file exists, new profile?" (new NotFoundError("Could not open the file at C:\\Users\\Leandro\\AppData\\Local\\Temp\\rust_mozprofile3fOabz\\search.json.mozlz4", (void 0)))
1666645649948	Marionette	INFO	Stopped listening on port 53584
1666645963714	geckodriver	INFO	Listening on 127.0.0.1:58077
1666645966712	mozrunner::runner	INFO	Running command: "C:\\Program Files\\Mozilla Firefox\\firefox.exe" "--marionette" "-no-remote" "-profile" "C:\\Users\\Leandro\\AppData\\Local\\Temp\\rust_mozprofileLKcpMl"
1666645967332	Marionette	INFO	Marionette enabled
1666645967340	Marionette	INFO	Listening on port 58089
Read port: 58089
1666645968013	RemoteAgent	WARN	TLS certificate errors will be ignored for this session
console.warn: SearchSettings: "get: No settings file exists, new profile?" (new NotFoundError("Could not open the file at C:\\Users\\Leandro\\AppData\\Local\\Temp\\rust_mozprofileLKcpMl\\search.json.mozlz4", (void 0)))
1666645999410	Marionette	INFO	Stopped listening on port 58089
1666646504095	geckodriver	INFO	Listening on 127.0.0.1:49217
1666646507091	mozrunner::runner	INFO	Running command: "C:\\Program Files\\Mozilla Firefox\\firefox.exe" "--marionette" "-no-remote" "-profile" "C:\\Users\\Leandro\\AppData\\Local\\Temp\\rust_mozprofilekEUdHa"
1666646507712	Marionette	INFO	Marionette enabled
1666646507720	Marionette	INFO	Listening on port 49229
Read port: 49229
1666646508514	RemoteAgent	WARN	TLS certificate errors will be ignored for this session
console.warn: SearchSettings: "get: No settings file exists, new profile?" (new NotFoundError("Could not open the file at C:\\Users\\Leandro\\AppData\\Local\\Temp\\rust_mozprofilekEUdHa\\search.json.mozlz4", (void 0)))
JavaScript error: , line 0: NS_ERROR_NOT_AVAILABLE
1666648269814	Marionette	INFO	Stopped listening on port 49229
1666648414079	geckodriver	INFO	Listening on 127.0.0.1:63041
1666648417071	mozrunner::runner	INFO	Running command: "C:\\Program Files\\Mozilla Firefox\\firefox.exe" "--marionette" "-no-remote" "-profile" "C:\\Users\\Leandro\\AppData\\Local\\Temp\\rust_mozprofileA7BPLY"
1666648417736	Marionette	INFO	Marionette enabled
1666648417744	Marionette	INFO	Listening on port 63053
Read port: 63053
1666648418480	RemoteAgent	WARN	TLS certificate errors will be ignored for this session
console.warn: SearchSettings: "get: No settings file exists, new profile?" (new NotFoundError("Could not open the file at C:\\Users\\Leandro\\AppData\\Local\\Temp\\rust_mozprofileA7BPLY\\search.json.mozlz4", (void 0)))
1666648420827	Marionette	INFO	Stopped listening on port 63053
1666649822462	geckodriver	INFO	Listening on 127.0.0.1:54050
1666649825457	mozrunner::runner	INFO	Running command: "C:\\Program Files\\Mozilla Firefox\\firefox.exe" "--marionette" "-no-remote" "-profile" "C:\\Users\\Leandro\\AppData\\Local\\Temp\\rust_mozprofileHhRYsB"
1666649826071	Marionette	INFO	Marionette enabled
1666649826079	Marionette	INFO	Listening on port 54062
Read port: 54062
1666649826906	RemoteAgent	WARN	TLS certificate errors will be ignored for this session
console.warn: SearchSettings: "get: No settings file exists, new profile?" (new NotFoundError("Could not open the file at C:\\Users\\Leandro\\AppData\\Local\\Temp\\rust_mozprofileHhRYsB\\search.json.mozlz4", (void 0)))
1666649829398	Marionette	INFO	Stopped listening on port 54062
1666651419309	geckodriver	INFO	Listening on 127.0.0.1:61816
1666651422314	mozrunner::runner	INFO	Running command: "C:\\Program Files\\Mozilla Firefox\\firefox.exe" "--marionette" "-no-remote" "-profile" "C:\\Users\\Leandro\\AppData\\Local\\Temp\\rust_mozprofileTX10iE"
1666651422912	Marionette	INFO	Marionette enabled
1666651422918	Marionette	INFO	Listening on port 61828
Read port: 61828
1666651423633	RemoteAgent	WARN	TLS certificate errors will be ignored for this session
console.warn: SearchSettings: "get: No settings file exists, new profile?" (new NotFoundError("Could not open the file at C:\\Users\\Leandro\\AppData\\Local\\Temp\\rust_mozprofileTX10iE\\search.json.mozlz4", (void 0)))
1666651426207	Marionette	INFO	Stopped listening on port 61828
1666651440119	geckodriver	INFO	Listening on 127.0.0.1:61849
1666651443115	mozrunner::runner	INFO	Running command: "C:\\Program Files\\Mozilla Firefox\\firefox.exe" "--marionette" "-no-remote" "-profile" "C:\\Users\\Leandro\\AppData\\Local\\Temp\\rust_mozprofilefBGnOp"
1666651443687	Marionette	INFO	Marionette enabled
1666651443693	Marionette	INFO	Listening on port 61861
Read port: 61861
1666651444397	RemoteAgent	WARN	TLS certificate errors will be ignored for this session
console.warn: SearchSettings: "get: No settings file exists, new profile?" (new NotFoundError("Could not open the file at C:\\Users\\Leandro\\AppData\\Local\\Temp\\rust_mozprofilefBGnOp\\search.json.mozlz4", (void 0)))
1666651450687	Marionette	INFO	Stopped listening on port 61861
1666651457143	geckodriver	INFO	Listening on 127.0.0.1:50504
1666651460153	mozrunner::runner	INFO	Running command: "C:\\Program Files\\Mozilla Firefox\\firefox.exe" "--marionette" "-no-remote" "-profile" "C:\\Users\\Leandro\\AppData\\Local\\Temp\\rust_mozprofileRKKFCQ"
1666651460754	Marionette	INFO	Marionette enabled
1666651460762	Marionette	INFO	Listening on port 50516
Read port: 50516
1666651461434	RemoteAgent	WARN	TLS certificate errors will be ignored for this session
console.warn: SearchSettings: "get: No settings file exists, new profile?" (new NotFoundError("Could not open the file at C:\\Users\\Leandro\\AppData\\Local\\Temp\\rust_mozprofileRKKFCQ\\search.json.mozlz4", (void 0)))
1666651463866	Marionette	INFO	Stopped listening on port 50516
1666651537775	geckodriver	INFO	Listening on 127.0.0.1:56032
1666651540771	mozrunner::runner	INFO	Running command: "C:\\Program Files\\Mozilla Firefox\\firefox.exe" "--marionette" "-no-remote" "-profile" "C:\\Users\\Leandro\\AppData\\Local\\Temp\\rust_mozprofile9saKZo"
1666651541395	Marionette	INFO	Marionette enabled
1666651541402	Marionette	INFO	Listening on port 56046
Read port: 56046
1666651542077	RemoteAgent	WARN	TLS certificate errors will be ignored for this session
console.warn: SearchSettings: "get: No settings file exists, new profile?" (new NotFoundError("Could not open the file at C:\\Users\\Leandro\\AppData\\Local\\Temp\\rust_mozprofile9saKZo\\search.json.mozlz4", (void 0)))
1666651545374	Marionette	INFO	Stopped listening on port 56046
1666651612870	geckodriver	INFO	Listening on 127.0.0.1:61997
1666651615869	mozrunner::runner	INFO	Running command: "C:\\Program Files\\Mozilla Firefox\\firefox.exe" "--marionette" "-no-remote" "-profile" "C:\\Users\\Leandro\\AppData\\Local\\Temp\\rust_mozprofileG0HzOV"
1666651616419	Marionette	INFO	Marionette enabled
1666651616428	Marionette	INFO	Listening on port 62010
Read port: 62010
1666651617034	RemoteAgent	WARN	TLS certificate errors will be ignored for this session
console.warn: SearchSettings: "get: No settings file exists, new profile?" (new NotFoundError("Could not open the file at C:\\Users\\Leandro\\AppData\\Local\\Temp\\rust_mozprofileG0HzOV\\search.json.mozlz4", (void 0)))
1666651620425	Marionette	INFO	Stopped listening on port 62010
